<?xml version="1.0" encoding="UTF-8"?>
<!-- Generated by org.testng.reporters.JUnitReportReporter -->
<testsuite hostname="LAPTOP-MV12IF5Q" failures="0" tests="21" name="Com.EmailContentGenerator.EmailContent" time="61.704" errors="0" timestamp="2024-07-25T09:56:08 IST" skipped="0">
  <testcase classname="Com.EmailContentGenerator.EmailContent" name="loginPage" time="24.359"/>
  <testcase classname="Com.EmailContentGenerator.EmailContent" name="generator" time="0.001"/>
  <testcase classname="Com.EmailContentGenerator.EmailContent" name="generator" time="0.002"/>
  <testcase classname="Com.EmailContentGenerator.EmailContent" name="generator" time="0.001"/>
  <testcase classname="Com.EmailContentGenerator.EmailContent" name="generator" time="37.262"/>
  <testcase classname="Com.EmailContentGenerator.EmailContent" name="generator" time="0.001"/>
  <testcase classname="Com.EmailContentGenerator.EmailContent" name="generator" time="0.001"/>
  <testcase classname="Com.EmailContentGenerator.EmailContent" name="generator" time="0.000"/>
  <testcase classname="Com.EmailContentGenerator.EmailContent" name="generator" time="0.000"/>
  <testcase classname="Com.EmailContentGenerator.EmailContent" name="generator" time="0.001"/>
  <testcase classname="Com.EmailContentGenerator.EmailContent" name="generator" time="0.000"/>
  <testcase classname="Com.EmailContentGenerator.EmailContent" name="generator" time="0.000"/>
  <testcase classname="Com.EmailContentGenerator.EmailContent" name="generator" time="0.003"/>
  <testcase classname="Com.EmailContentGenerator.EmailContent" name="generator" time="0.000"/>
  <testcase classname="Com.EmailContentGenerator.EmailContent" name="generator" time="0.002"/>
  <testcase classname="Com.EmailContentGenerator.EmailContent" name="generator" time="0.002"/>
  <testcase classname="Com.EmailContentGenerator.EmailContent" name="generator" time="0.002"/>
  <testcase classname="Com.EmailContentGenerator.EmailContent" name="generator" time="0.001"/>
  <testcase classname="Com.EmailContentGenerator.EmailContent" name="generator" time="0.000"/>
  <testcase classname="Com.EmailContentGenerator.EmailContent" name="generator" time="0.001"/>
  <testcase classname="Com.EmailContentGenerator.EmailContent" name="replaceName" time="0.065"/>
</testsuite> <!-- Com.EmailContentGenerator.EmailContent -->
